[1.015s] DEBUG:colcon:Command line arguments: ['/usr/bin/colcon', 'build']
[1.015s] DEBUG:colcon:Parsed command line arguments: Namespace(ament_cmake_args=None, base_paths=['.'], build_base='build', catkin_cmake_args=None, catkin_skip_building_tests=False, cmake_args=None, cmake_clean_cache=False, cmake_clean_first=False, cmake_force_configure=False, cmake_target=None, cmake_target_skip_unavailable=False, continue_on_error=False, event_handlers=None, executor='parallel', ignore_user_meta=False, install_base='install', log_base=None, log_level=None, main=<bound method BuildVerb.main of <colcon_core.verb.build.BuildVerb object at 0x7f87d8a3c8>>, merge_install=False, metas=['./colcon.meta'], packages_above=None, packages_above_and_dependencies=None, packages_above_depth=None, packages_end=None, packages_ignore=None, packages_ignore_regex=None, packages_select=None, packages_select_build_failed=False, packages_select_by_dep=None, packages_select_regex=None, packages_select_test_failures=False, packages_skip=None, packages_skip_build_finished=False, packages_skip_by_dep=None, packages_skip_regex=None, packages_skip_test_passed=False, packages_skip_up_to=None, packages_start=None, packages_up_to=None, packages_up_to_regex=None, parallel_workers=6, paths=None, symlink_install=False, test_result_base=None, verb_extension=<colcon_core.verb.build.BuildVerb object at 0x7f87d8a3c8>, verb_name='build', verb_parser=<colcon_defaults.argument_parser.defaults.DefaultArgumentsDecorator object at 0x7f87d8a710>)
[1.054s] Level 1:colcon.colcon_core.package_discovery:discover_packages(colcon_meta) check parameters
[1.055s] Level 1:colcon.colcon_core.package_discovery:discover_packages(recursive) check parameters
[1.055s] Level 1:colcon.colcon_core.package_discovery:discover_packages(ignore) check parameters
[1.055s] Level 1:colcon.colcon_core.package_discovery:discover_packages(path) check parameters
[1.055s] Level 1:colcon.colcon_core.package_discovery:discover_packages(colcon_meta) discover
[1.057s] Level 1:colcon.colcon_core.package_discovery:discover_packages(recursive) discover
[1.057s] INFO:colcon.colcon_core.package_discovery:Crawling recursively for packages in '/home/xavier/ros_robot_ws'
[1.057s] Level 1:colcon.colcon_core.package_identification:_identify(.) by extensions ['ignore', 'ignore_ament_install']
[1.058s] Level 1:colcon.colcon_core.package_identification:_identify(.) by extension 'ignore'
[1.058s] Level 1:colcon.colcon_core.package_identification:_identify(.) by extension 'ignore_ament_install'
[1.058s] Level 1:colcon.colcon_core.package_identification:_identify(.) by extensions ['colcon_pkg']
[1.059s] Level 1:colcon.colcon_core.package_identification:_identify(.) by extension 'colcon_pkg'
[1.059s] Level 1:colcon.colcon_core.package_identification:_identify(.) by extensions ['colcon_meta']
[1.059s] Level 1:colcon.colcon_core.package_identification:_identify(.) by extension 'colcon_meta'
[1.059s] Level 1:colcon.colcon_core.package_identification:_identify(.) by extensions ['ros']
[1.059s] Level 1:colcon.colcon_core.package_identification:_identify(.) by extension 'ros'
[1.116s] Level 1:colcon.colcon_core.package_identification:_identify(.) by extensions ['cmake', 'python']
[1.117s] Level 1:colcon.colcon_core.package_identification:_identify(.) by extension 'cmake'
[1.117s] Level 1:colcon.colcon_core.package_identification:_identify(.) by extension 'python'
[1.117s] Level 1:colcon.colcon_core.package_identification:_identify(.) by extensions ['python_setup_py']
[1.117s] Level 1:colcon.colcon_core.package_identification:_identify(.) by extension 'python_setup_py'
[1.118s] Level 1:colcon.colcon_core.package_identification:_identify(build) by extensions ['ignore', 'ignore_ament_install']
[1.118s] Level 1:colcon.colcon_core.package_identification:_identify(build) by extension 'ignore'
[1.119s] Level 1:colcon.colcon_core.package_identification:_identify(build) ignored
[1.121s] Level 1:colcon.colcon_core.package_identification:_identify(install) by extensions ['ignore', 'ignore_ament_install']
[1.121s] Level 1:colcon.colcon_core.package_identification:_identify(install) by extension 'ignore'
[1.121s] Level 1:colcon.colcon_core.package_identification:_identify(install) ignored
[1.122s] Level 1:colcon.colcon_core.package_identification:_identify(log) by extensions ['ignore', 'ignore_ament_install']
[1.122s] Level 1:colcon.colcon_core.package_identification:_identify(log) by extension 'ignore'
[1.123s] Level 1:colcon.colcon_core.package_identification:_identify(log) ignored
[1.123s] Level 1:colcon.colcon_core.package_identification:_identify(src) by extensions ['ignore', 'ignore_ament_install']
[1.123s] Level 1:colcon.colcon_core.package_identification:_identify(src) by extension 'ignore'
[1.124s] Level 1:colcon.colcon_core.package_identification:_identify(src) by extension 'ignore_ament_install'
[1.124s] Level 1:colcon.colcon_core.package_identification:_identify(src) by extensions ['colcon_pkg']
[1.124s] Level 1:colcon.colcon_core.package_identification:_identify(src) by extension 'colcon_pkg'
[1.125s] Level 1:colcon.colcon_core.package_identification:_identify(src) by extensions ['colcon_meta']
[1.125s] Level 1:colcon.colcon_core.package_identification:_identify(src) by extension 'colcon_meta'
[1.125s] Level 1:colcon.colcon_core.package_identification:_identify(src) by extensions ['ros']
[1.125s] Level 1:colcon.colcon_core.package_identification:_identify(src) by extension 'ros'
[1.126s] Level 1:colcon.colcon_core.package_identification:_identify(src) by extensions ['cmake', 'python']
[1.126s] Level 1:colcon.colcon_core.package_identification:_identify(src) by extension 'cmake'
[1.126s] Level 1:colcon.colcon_core.package_identification:_identify(src) by extension 'python'
[1.126s] Level 1:colcon.colcon_core.package_identification:_identify(src) by extensions ['python_setup_py']
[1.126s] Level 1:colcon.colcon_core.package_identification:_identify(src) by extension 'python_setup_py'
[1.127s] Level 1:colcon.colcon_core.package_identification:_identify(src/robot_node) by extensions ['ignore', 'ignore_ament_install']
[1.127s] Level 1:colcon.colcon_core.package_identification:_identify(src/robot_node) by extension 'ignore'
[1.128s] Level 1:colcon.colcon_core.package_identification:_identify(src/robot_node) by extension 'ignore_ament_install'
[1.128s] Level 1:colcon.colcon_core.package_identification:_identify(src/robot_node) by extensions ['colcon_pkg']
[1.128s] Level 1:colcon.colcon_core.package_identification:_identify(src/robot_node) by extension 'colcon_pkg'
[1.128s] Level 1:colcon.colcon_core.package_identification:_identify(src/robot_node) by extensions ['colcon_meta']
[1.129s] Level 1:colcon.colcon_core.package_identification:_identify(src/robot_node) by extension 'colcon_meta'
[1.129s] Level 1:colcon.colcon_core.package_identification:_identify(src/robot_node) by extensions ['ros']
[1.129s] Level 1:colcon.colcon_core.package_identification:_identify(src/robot_node) by extension 'ros'
[1.146s] DEBUG:colcon.colcon_core.package_identification:Package 'src/robot_node' with type 'ros.ament_python' and name 'robot_node'
[1.146s] Level 1:colcon.colcon_core.package_discovery:discover_packages(recursive) using defaults
[1.147s] Level 1:colcon.colcon_core.package_discovery:discover_packages(ignore) discover
[1.147s] Level 1:colcon.colcon_core.package_discovery:discover_packages(ignore) using defaults
[1.147s] Level 1:colcon.colcon_core.package_discovery:discover_packages(path) discover
[1.147s] Level 1:colcon.colcon_core.package_discovery:discover_packages(path) using defaults
[1.261s] Level 5:colcon.colcon_core.verb:set package 'robot_node' build argument 'cmake_args' from command line to 'None'
[1.261s] Level 5:colcon.colcon_core.verb:set package 'robot_node' build argument 'cmake_target' from command line to 'None'
[1.262s] Level 5:colcon.colcon_core.verb:set package 'robot_node' build argument 'cmake_target_skip_unavailable' from command line to 'False'
[1.262s] Level 5:colcon.colcon_core.verb:set package 'robot_node' build argument 'cmake_clean_cache' from command line to 'False'
[1.262s] Level 5:colcon.colcon_core.verb:set package 'robot_node' build argument 'cmake_clean_first' from command line to 'False'
[1.262s] Level 5:colcon.colcon_core.verb:set package 'robot_node' build argument 'cmake_force_configure' from command line to 'False'
[1.262s] Level 5:colcon.colcon_core.verb:set package 'robot_node' build argument 'ament_cmake_args' from command line to 'None'
[1.262s] Level 5:colcon.colcon_core.verb:set package 'robot_node' build argument 'catkin_cmake_args' from command line to 'None'
[1.263s] Level 5:colcon.colcon_core.verb:set package 'robot_node' build argument 'catkin_skip_building_tests' from command line to 'False'
[1.263s] DEBUG:colcon.colcon_core.verb:Building package 'robot_node' with the following arguments: {'ament_cmake_args': None, 'build_base': '/home/xavier/ros_robot_ws/build/robot_node', 'catkin_cmake_args': None, 'catkin_skip_building_tests': False, 'cmake_args': None, 'cmake_clean_cache': False, 'cmake_clean_first': False, 'cmake_force_configure': False, 'cmake_target': None, 'cmake_target_skip_unavailable': False, 'install_base': '/home/xavier/ros_robot_ws/install/robot_node', 'merge_install': False, 'path': '/home/xavier/ros_robot_ws/src/robot_node', 'symlink_install': False, 'test_result_base': None}
[1.264s] INFO:colcon.colcon_core.executor:Executing jobs using 'parallel' executor
[1.273s] DEBUG:colcon.colcon_parallel_executor.executor.parallel:run_until_complete
[1.275s] INFO:colcon.colcon_ros.task.ament_python.build:Building ROS package in '/home/xavier/ros_robot_ws/src/robot_node' with build type 'ament_python'
[1.275s] Level 1:colcon.colcon_core.shell:create_environment_hook('robot_node', 'ament_prefix_path')
[1.302s] INFO:colcon.colcon_core.plugin_system:Skipping extension 'colcon_core.shell.bat': Not used on non-Windows systems
[1.303s] INFO:colcon.colcon_core.shell:Creating environment hook '/home/xavier/ros_robot_ws/install/robot_node/share/robot_node/hook/ament_prefix_path.ps1'
[1.307s] INFO:colcon.colcon_core.shell:Creating environment descriptor '/home/xavier/ros_robot_ws/install/robot_node/share/robot_node/hook/ament_prefix_path.dsv'
[1.321s] INFO:colcon.colcon_core.shell:Creating environment hook '/home/xavier/ros_robot_ws/install/robot_node/share/robot_node/hook/ament_prefix_path.sh'
[1.326s] INFO:colcon.colcon_core.shell:Skip shell extension 'powershell' for command environment: Not usable outside of PowerShell
[1.327s] DEBUG:colcon.colcon_core.shell:Skip shell extension 'dsv' for command environment
[1.345s] DEBUG:colcon.colcon_core.shell:Ignoring prefix path '/opt/ros/dashing'
[2.261s] INFO:colcon.colcon_core.task.python.build:Building Python package in '/home/xavier/ros_robot_ws/src/robot_node'
[2.267s] INFO:colcon.colcon_core.shell:Skip shell extension 'powershell' for command environment: Not usable outside of PowerShell
[2.267s] DEBUG:colcon.colcon_core.shell:Skip shell extension 'dsv' for command environment
[2.281s] DEBUG:colcon.colcon_core.shell:Ignoring prefix path '/opt/ros/dashing'
[2.323s] DEBUG:colcon.colcon_core.event_handler.log_command:Invoking command in '/home/xavier/ros_robot_ws/src/robot_node': PYTHONPATH=/home/xavier/ros_robot_ws/install/robot_node/lib/python3.6/site-packages:${PYTHONPATH} /usr/bin/python3 setup.py egg_info --egg-base ../../build/robot_node build --build-base /home/xavier/ros_robot_ws/build/robot_node/build install --prefix /home/xavier/ros_robot_ws/install/robot_node --record /home/xavier/ros_robot_ws/build/robot_node/install.log --single-version-externally-managed
[3.564s] DEBUG:colcon.colcon_core.event_handler.log_command:Invoked command in '/home/xavier/ros_robot_ws/src/robot_node' returned '0': PYTHONPATH=/home/xavier/ros_robot_ws/install/robot_node/lib/python3.6/site-packages:${PYTHONPATH} /usr/bin/python3 setup.py egg_info --egg-base ../../build/robot_node build --build-base /home/xavier/ros_robot_ws/build/robot_node/build install --prefix /home/xavier/ros_robot_ws/install/robot_node --record /home/xavier/ros_robot_ws/build/robot_node/install.log --single-version-externally-managed
[3.592s] Level 1:colcon.colcon_core.environment:checking '/home/xavier/ros_robot_ws/install/robot_node' for CMake module files
[3.601s] Level 1:colcon.colcon_core.environment:checking '/home/xavier/ros_robot_ws/install/robot_node' for CMake config files
[3.607s] Level 1:colcon.colcon_core.environment:checking '/home/xavier/ros_robot_ws/install/robot_node/lib'
[3.608s] Level 1:colcon.colcon_core.environment:checking '/home/xavier/ros_robot_ws/install/robot_node/bin'
[3.609s] Level 1:colcon.colcon_core.environment:checking '/home/xavier/ros_robot_ws/install/robot_node/lib/pkgconfig/robot_node.pc'
[3.609s] Level 1:colcon.colcon_core.environment:checking '/home/xavier/ros_robot_ws/install/robot_node/lib/python3.6/site-packages'
[3.609s] Level 1:colcon.colcon_core.shell:create_environment_hook('robot_node', 'pythonpath')
[3.612s] INFO:colcon.colcon_core.shell:Creating environment hook '/home/xavier/ros_robot_ws/install/robot_node/share/robot_node/hook/pythonpath.ps1'
[3.615s] INFO:colcon.colcon_core.shell:Creating environment descriptor '/home/xavier/ros_robot_ws/install/robot_node/share/robot_node/hook/pythonpath.dsv'
[3.616s] INFO:colcon.colcon_core.shell:Creating environment hook '/home/xavier/ros_robot_ws/install/robot_node/share/robot_node/hook/pythonpath.sh'
[3.618s] Level 1:colcon.colcon_core.environment:create_environment_scripts_only(robot_node)
[3.621s] INFO:colcon.colcon_core.shell:Creating package script '/home/xavier/ros_robot_ws/install/robot_node/share/robot_node/package.ps1'
[3.626s] INFO:colcon.colcon_core.shell:Creating package descriptor '/home/xavier/ros_robot_ws/install/robot_node/share/robot_node/package.dsv'
[3.630s] INFO:colcon.colcon_core.shell:Creating package script '/home/xavier/ros_robot_ws/install/robot_node/share/robot_node/package.sh'
[3.636s] INFO:colcon.colcon_core.shell:Creating package script '/home/xavier/ros_robot_ws/install/robot_node/share/robot_node/package.bash'
[3.641s] INFO:colcon.colcon_core.shell:Creating package script '/home/xavier/ros_robot_ws/install/robot_node/share/robot_node/package.zsh'
[3.650s] Level 1:colcon.colcon_core.environment:create_file_with_runtime_dependencies(/home/xavier/ros_robot_ws/install/robot_node/share/colcon-core/packages/robot_node)
[3.651s] DEBUG:colcon.colcon_parallel_executor.executor.parallel:closing loop
[3.653s] DEBUG:colcon.colcon_parallel_executor.executor.parallel:loop closed
[3.654s] DEBUG:colcon.colcon_parallel_executor.executor.parallel:run_until_complete finished with '0'
[3.656s] DEBUG:colcon.colcon_core.event_reactor:joining thread
[3.726s] INFO:colcon.colcon_core.plugin_system:Skipping extension 'colcon_notification.desktop_notification.terminal_notifier': Not used on non-Darwin systems
[3.727s] INFO:colcon.colcon_core.plugin_system:Skipping extension 'colcon_notification.desktop_notification.win32': Not used on non-Windows systems
[3.727s] INFO:colcon.colcon_notification.desktop_notification:Sending desktop notification using 'notify2'
[3.793s] DEBUG:colcon.colcon_notification.desktop_notification.notify2:Failed to initialize notify2: org.freedesktop.DBus.Error.Spawn.ChildExited: Process org.freedesktop.Notifications exited with status 1
[3.794s] DEBUG:colcon.colcon_core.event_reactor:joined thread
[3.797s] INFO:colcon.colcon_core.shell:Creating prefix script '/home/xavier/ros_robot_ws/install/local_setup.ps1'
[3.805s] INFO:colcon.colcon_core.shell:Creating prefix util module '/home/xavier/ros_robot_ws/install/_local_setup_util_ps1.py'
[3.813s] INFO:colcon.colcon_core.shell:Creating prefix chain script '/home/xavier/ros_robot_ws/install/setup.ps1'
[3.826s] INFO:colcon.colcon_core.shell:Creating prefix script '/home/xavier/ros_robot_ws/install/local_setup.sh'
[3.829s] INFO:colcon.colcon_core.shell:Creating prefix util module '/home/xavier/ros_robot_ws/install/_local_setup_util_sh.py'
[3.832s] INFO:colcon.colcon_core.shell:Creating prefix chain script '/home/xavier/ros_robot_ws/install/setup.sh'
[3.844s] INFO:colcon.colcon_core.shell:Creating prefix script '/home/xavier/ros_robot_ws/install/local_setup.bash'
[3.848s] INFO:colcon.colcon_core.shell:Creating prefix chain script '/home/xavier/ros_robot_ws/install/setup.bash'
[3.860s] INFO:colcon.colcon_core.shell:Creating prefix script '/home/xavier/ros_robot_ws/install/local_setup.zsh'
[3.864s] INFO:colcon.colcon_core.shell:Creating prefix chain script '/home/xavier/ros_robot_ws/install/setup.zsh'
