[0.989s] Invoking command in '/home/xavier/ros_robot_ws/src/robot_node': PYTHONPATH=/home/xavier/ros_robot_ws/install/robot_node/lib/python3.6/site-packages:${PYTHONPATH} /usr/bin/python3 setup.py egg_info --egg-base ../../build/robot_node build --build-base /home/xavier/ros_robot_ws/build/robot_node/build install --prefix /home/xavier/ros_robot_ws/install/robot_node --record /home/xavier/ros_robot_ws/build/robot_node/install.log --single-version-externally-managed
[1.851s] running egg_info
[1.854s] writing ../../build/robot_node/robot_node.egg-info/PKG-INFO
[1.856s] writing dependency_links to ../../build/robot_node/robot_node.egg-info/dependency_links.txt
[1.857s] writing entry points to ../../build/robot_node/robot_node.egg-info/entry_points.txt
[1.857s] writing requirements to ../../build/robot_node/robot_node.egg-info/requires.txt
[1.858s] writing top-level names to ../../build/robot_node/robot_node.egg-info/top_level.txt
[2.010s] reading manifest file '../../build/robot_node/robot_node.egg-info/SOURCES.txt'
[2.015s] writing manifest file '../../build/robot_node/robot_node.egg-info/SOURCES.txt'
[2.016s] running build
[2.016s] running build_py
[2.016s] copying robot_node/robot_node.py -> /home/xavier/ros_robot_ws/build/robot_node/build/lib/robot_node
[2.017s] running install
[2.019s] running install_lib
[2.022s] copying /home/xavier/ros_robot_ws/build/robot_node/build/lib/robot_node/robot_node.py -> /home/xavier/ros_robot_ws/install/robot_node/lib/python3.6/site-packages/robot_node
[2.023s] byte-compiling /home/xavier/ros_robot_ws/install/robot_node/lib/python3.6/site-packages/robot_node/robot_node.py to robot_node.cpython-36.pyc
[2.026s] running install_data
[2.028s] running install_egg_info
[2.035s] removing '/home/xavier/ros_robot_ws/install/robot_node/lib/python3.6/site-packages/robot_node-0.0.0-py3.6.egg-info' (and everything under it)
[2.036s] Copying ../../build/robot_node/robot_node.egg-info to /home/xavier/ros_robot_ws/install/robot_node/lib/python3.6/site-packages/robot_node-0.0.0-py3.6.egg-info
[2.039s] running install_scripts
[2.112s] Installing robot_interaction_node script to /home/xavier/ros_robot_ws/install/robot_node/lib/robot_node
[2.113s] writing list of installed files to '/home/xavier/ros_robot_ws/build/robot_node/install.log'
[2.192s] Invoked command in '/home/xavier/ros_robot_ws/src/robot_node' returned '0': PYTHONPATH=/home/xavier/ros_robot_ws/install/robot_node/lib/python3.6/site-packages:${PYTHONPATH} /usr/bin/python3 setup.py egg_info --egg-base ../../build/robot_node build --build-base /home/xavier/ros_robot_ws/build/robot_node/build install --prefix /home/xavier/ros_robot_ws/install/robot_node --record /home/xavier/ros_robot_ws/build/robot_node/install.log --single-version-externally-managed
