[0.990s] Invoking command in '/home/xavier/ros_robot_ws/src/robot_node': PYTHONPATH=/home/xavier/ros_robot_ws/install/robot_node/lib/python3.6/site-packages:${PYTHONPATH} /usr/bin/python3 setup.py egg_info --egg-base ../../build/robot_node build --build-base /home/xavier/ros_robot_ws/build/robot_node/build install --prefix /home/xavier/ros_robot_ws/install/robot_node --record /home/xavier/ros_robot_ws/build/robot_node/install.log --single-version-externally-managed
[1.820s] running egg_info
[1.822s] writing ../../build/robot_node/robot_node.egg-info/PKG-INFO
[1.823s] writing dependency_links to ../../build/robot_node/robot_node.egg-info/dependency_links.txt
[1.824s] writing entry points to ../../build/robot_node/robot_node.egg-info/entry_points.txt
[1.825s] writing requirements to ../../build/robot_node/robot_node.egg-info/requires.txt
[1.825s] writing top-level names to ../../build/robot_node/robot_node.egg-info/top_level.txt
[1.981s] reading manifest file '../../build/robot_node/robot_node.egg-info/SOURCES.txt'
[1.986s] writing manifest file '../../build/robot_node/robot_node.egg-info/SOURCES.txt'
[1.987s] running build
[1.988s] running build_py
[1.988s] copying robot_node/robot_node.py -> /home/xavier/ros_robot_ws/build/robot_node/build/lib/robot_node
[1.989s] running install
[1.989s] running install_lib
[1.992s] copying /home/xavier/ros_robot_ws/build/robot_node/build/lib/robot_node/robot_node.py -> /home/xavier/ros_robot_ws/install/robot_node/lib/python3.6/site-packages/robot_node
[1.993s] byte-compiling /home/xavier/ros_robot_ws/install/robot_node/lib/python3.6/site-packages/robot_node/robot_node.py to robot_node.cpython-36.pyc
[1.996s] running install_data
[1.997s] copying package.xml -> /home/xavier/ros_robot_ws/install/robot_node/share/robot_node
[1.998s] running install_egg_info
[2.004s] removing '/home/xavier/ros_robot_ws/install/robot_node/lib/python3.6/site-packages/robot_node-0.0.0-py3.6.egg-info' (and everything under it)
[2.006s] Copying ../../build/robot_node/robot_node.egg-info to /home/xavier/ros_robot_ws/install/robot_node/lib/python3.6/site-packages/robot_node-0.0.0-py3.6.egg-info
[2.009s] running install_scripts
[2.080s] writing list of installed files to '/home/xavier/ros_robot_ws/build/robot_node/install.log'
[2.162s] Invoked command in '/home/xavier/ros_robot_ws/src/robot_node' returned '0': PYTHONPATH=/home/xavier/ros_robot_ws/install/robot_node/lib/python3.6/site-packages:${PYTHONPATH} /usr/bin/python3 setup.py egg_info --egg-base ../../build/robot_node build --build-base /home/xavier/ros_robot_ws/build/robot_node/build install --prefix /home/xavier/ros_robot_ws/install/robot_node --record /home/xavier/ros_robot_ws/build/robot_node/install.log --single-version-externally-managed
