running egg_info
creating ../../build/robot_node/robot_node.egg-info
writing ../../build/robot_node/robot_node.egg-info/PKG-INFO
writing dependency_links to ../../build/robot_node/robot_node.egg-info/dependency_links.txt
writing entry points to ../../build/robot_node/robot_node.egg-info/entry_points.txt
writing requirements to ../../build/robot_node/robot_node.egg-info/requires.txt
writing top-level names to ../../build/robot_node/robot_node.egg-info/top_level.txt
writing manifest file '../../build/robot_node/robot_node.egg-info/SOURCES.txt'
reading manifest file '../../build/robot_node/robot_node.egg-info/SOURCES.txt'
writing manifest file '../../build/robot_node/robot_node.egg-info/SOURCES.txt'
running build
running build_py
creating /home/xavier/ros_robot_ws/build/robot_node/build
creating /home/xavier/ros_robot_ws/build/robot_node/build/lib
creating /home/xavier/ros_robot_ws/build/robot_node/build/lib/robot_node
copying robot_node/__init__.py -> /home/xavier/ros_robot_ws/build/robot_node/build/lib/robot_node
running install
running install_lib
creating /home/xavier/ros_robot_ws/install/robot_node/lib/python3.6/site-packages/robot_node
copying /home/xavier/ros_robot_ws/build/robot_node/build/lib/robot_node/__init__.py -> /home/xavier/ros_robot_ws/install/robot_node/lib/python3.6/site-packages/robot_node
byte-compiling /home/xavier/ros_robot_ws/install/robot_node/lib/python3.6/site-packages/robot_node/__init__.py to __init__.cpython-36.pyc
running install_data
creating /home/xavier/ros_robot_ws/install/robot_node/share/ament_index
creating /home/xavier/ros_robot_ws/install/robot_node/share/ament_index/resource_index
creating /home/xavier/ros_robot_ws/install/robot_node/share/ament_index/resource_index/packages
copying resource/robot_node -> /home/xavier/ros_robot_ws/install/robot_node/share/ament_index/resource_index/packages
copying package.xml -> /home/xavier/ros_robot_ws/install/robot_node/share/robot_node
running install_egg_info
Copying ../../build/robot_node/robot_node.egg-info to /home/xavier/ros_robot_ws/install/robot_node/lib/python3.6/site-packages/robot_node-0.0.0-py3.6.egg-info
running install_scripts
writing list of installed files to '/home/xavier/ros_robot_ws/build/robot_node/install.log'
