[1.046s] Invoking command in '/home/xavier/ros_robot_ws/src/robot_node': PYTHONPATH=/home/xavier/ros_robot_ws/install/robot_node/lib/python3.6/site-packages:${PYTHONPATH} /usr/bin/python3 setup.py egg_info --egg-base ../../build/robot_node build --build-base /home/xavier/ros_robot_ws/build/robot_node/build install --prefix /home/xavier/ros_robot_ws/install/robot_node --record /home/xavier/ros_robot_ws/build/robot_node/install.log --single-version-externally-managed
[1.897s] running egg_info
[1.901s] writing ../../build/robot_node/robot_node.egg-info/PKG-INFO
[1.902s] writing dependency_links to ../../build/robot_node/robot_node.egg-info/dependency_links.txt
[1.902s] writing entry points to ../../build/robot_node/robot_node.egg-info/entry_points.txt
[1.903s] writing requirements to ../../build/robot_node/robot_node.egg-info/requires.txt
[1.904s] writing top-level names to ../../build/robot_node/robot_node.egg-info/top_level.txt
[2.085s] reading manifest file '../../build/robot_node/robot_node.egg-info/SOURCES.txt'
[2.088s] writing manifest file '../../build/robot_node/robot_node.egg-info/SOURCES.txt'
[2.089s] running build
[2.089s] running build_py
[2.090s] copying robot_node/robot_node.py -> /home/xavier/ros_robot_ws/build/robot_node/build/lib/robot_node
[2.092s] running install
[2.094s] running install_lib
[2.098s] copying /home/xavier/ros_robot_ws/build/robot_node/build/lib/robot_node/robot_node.py -> /home/xavier/ros_robot_ws/install/robot_node/lib/python3.6/site-packages/robot_node
[2.099s] byte-compiling /home/xavier/ros_robot_ws/install/robot_node/lib/python3.6/site-packages/robot_node/robot_node.py to robot_node.cpython-36.pyc
[2.102s] running install_data
[2.105s] running install_egg_info
[2.114s] removing '/home/xavier/ros_robot_ws/install/robot_node/lib/python3.6/site-packages/robot_node-0.0.0-py3.6.egg-info' (and everything under it)
[2.115s] Copying ../../build/robot_node/robot_node.egg-info to /home/xavier/ros_robot_ws/install/robot_node/lib/python3.6/site-packages/robot_node-0.0.0-py3.6.egg-info
[2.120s] running install_scripts
[2.207s] Installing robot_interaction_node script to /home/xavier/ros_robot_ws/install/robot_node/lib/robot_node
[2.208s] writing list of installed files to '/home/xavier/ros_robot_ws/build/robot_node/install.log'
[2.287s] Invoked command in '/home/xavier/ros_robot_ws/src/robot_node' returned '0': PYTHONPATH=/home/xavier/ros_robot_ws/install/robot_node/lib/python3.6/site-packages:${PYTHONPATH} /usr/bin/python3 setup.py egg_info --egg-base ../../build/robot_node build --build-base /home/xavier/ros_robot_ws/build/robot_node/build install --prefix /home/xavier/ros_robot_ws/install/robot_node --record /home/xavier/ros_robot_ws/build/robot_node/install.log --single-version-externally-managed
