[0.971s] Invoking command in '/home/xavier/ros_robot_ws/src/robot_node': PYTHONPATH=/home/xavier/ros_robot_ws/install/robot_node/lib/python3.6/site-packages:${PYTHONPATH} /usr/bin/python3 setup.py egg_info --egg-base ../../build/robot_node build --build-base /home/xavier/ros_robot_ws/build/robot_node/build install --prefix /home/xavier/ros_robot_ws/install/robot_node --record /home/xavier/ros_robot_ws/build/robot_node/install.log --single-version-externally-managed
[1.788s] running egg_info
[1.791s] writing ../../build/robot_node/robot_node.egg-info/PKG-INFO
[1.792s] writing dependency_links to ../../build/robot_node/robot_node.egg-info/dependency_links.txt
[1.792s] writing entry points to ../../build/robot_node/robot_node.egg-info/entry_points.txt
[1.793s] writing requirements to ../../build/robot_node/robot_node.egg-info/requires.txt
[1.794s] writing top-level names to ../../build/robot_node/robot_node.egg-info/top_level.txt
[1.939s] reading manifest file '../../build/robot_node/robot_node.egg-info/SOURCES.txt'
[1.945s] writing manifest file '../../build/robot_node/robot_node.egg-info/SOURCES.txt'
[1.946s] running build
[1.946s] running build_py
[1.947s] copying robot_node/robot_node.py -> /home/xavier/ros_robot_ws/build/robot_node/build/lib/robot_node
[1.948s] running install
[1.948s] running install_lib
[1.951s] copying /home/xavier/ros_robot_ws/build/robot_node/build/lib/robot_node/robot_node.py -> /home/xavier/ros_robot_ws/install/robot_node/lib/python3.6/site-packages/robot_node
[1.952s] byte-compiling /home/xavier/ros_robot_ws/install/robot_node/lib/python3.6/site-packages/robot_node/robot_node.py to robot_node.cpython-36.pyc
[1.955s] running install_data
[1.956s] running install_egg_info
[1.963s] removing '/home/xavier/ros_robot_ws/install/robot_node/lib/python3.6/site-packages/robot_node-0.0.0-py3.6.egg-info' (and everything under it)
[1.964s] Copying ../../build/robot_node/robot_node.egg-info to /home/xavier/ros_robot_ws/install/robot_node/lib/python3.6/site-packages/robot_node-0.0.0-py3.6.egg-info
[1.968s] running install_scripts
[2.035s] Installing robot_interaction_node script to /home/xavier/ros_robot_ws/install/robot_node/lib/robot_node
[2.037s] writing list of installed files to '/home/xavier/ros_robot_ws/build/robot_node/install.log'
[2.114s] Invoked command in '/home/xavier/ros_robot_ws/src/robot_node' returned '0': PYTHONPATH=/home/xavier/ros_robot_ws/install/robot_node/lib/python3.6/site-packages:${PYTHONPATH} /usr/bin/python3 setup.py egg_info --egg-base ../../build/robot_node build --build-base /home/xavier/ros_robot_ws/build/robot_node/build install --prefix /home/xavier/ros_robot_ws/install/robot_node --record /home/xavier/ros_robot_ws/build/robot_node/install.log --single-version-externally-managed
